{"total": {"lines":{"total":219,"covered":167,"skipped":0,"pct":76.25},"statements":{"total":220,"covered":168,"skipped":0,"pct":76.36},"functions":{"total":40,"covered":29,"skipped":0,"pct":72.5},"branches":{"total":141,"covered":100,"skipped":0,"pct":70.92},"branchesTrue":{"total":0,"covered":0,"skipped":0,"pct":"Unknown"}}
,"/Users/bkoo/Documents/Development/mcard-core/examples/bridge_to_javascript/src/client.js": {"lines":{"total":218,"covered":166,"skipped":0,"pct":76.14},"functions":{"total":40,"covered":29,"skipped":0,"pct":72.5},"statements":{"total":219,"covered":167,"skipped":0,"pct":76.25},"branches":{"total":139,"covered":98,"skipped":0,"pct":70.5}}
,"/Users/bkoo/Documents/Development/mcard-core/examples/bridge_to_javascript/src/constants.js": {"lines":{"total":1,"covered":1,"skipped":0,"pct":100},"functions":{"total":0,"covered":0,"skipped":0,"pct":100},"statements":{"total":1,"covered":1,"skipped":0,"pct":100},"branches":{"total":2,"covered":2,"skipped":0,"pct":100}}
}
