{"total": {"lines":{"total":183,"covered":139,"skipped":0,"pct":75.95},"statements":{"total":184,"covered":140,"skipped":0,"pct":76.08},"functions":{"total":40,"covered":33,"skipped":0,"pct":82.5},"branches":{"total":106,"covered":53,"skipped":0,"pct":50},"branchesTrue":{"total":0,"covered":0,"skipped":0,"pct":"Unknown"}}
,"/Users/bkoo/Documents/Development/mcard-core/examples/bridge_to_javascript/src/enhanced-client.js": {"lines":{"total":183,"covered":139,"skipped":0,"pct":75.95},"functions":{"total":40,"covered":33,"skipped":0,"pct":82.5},"statements":{"total":184,"covered":140,"skipped":0,"pct":76.08},"branches":{"total":106,"covered":53,"skipped":0,"pct":50}}
}
