TN:
SF:src/enhanced-client.js
FN:12,(anonymous_0)
FN:23,(anonymous_1)
FN:34,(anonymous_2)
FN:41,(anonymous_3)
FN:48,(anonymous_4)
FN:55,(anonymous_5)
FN:63,(anonymous_6)
FN:68,(anonymous_7)
FN:100,(anonymous_8)
FN:114,(anonymous_9)
FN:133,(anonymous_10)
FN:137,(anonymous_11)
FN:139,(anonymous_12)
FN:157,(anonymous_13)
FN:163,(anonymous_14)
FN:169,(anonymous_15)
FN:175,(anonymous_16)
FN:184,(anonymous_17)
FN:194,(anonymous_18)
FN:199,(anonymous_19)
FN:204,(anonymous_20)
FN:209,(anonymous_21)
FN:214,(anonymous_22)
FN:219,(anonymous_23)
FN:224,(anonymous_24)
FN:249,(anonymous_25)
FN:286,(anonymous_26)
FN:288,(anonymous_27)
FN:302,(anonymous_28)
FN:338,(anonymous_29)
FN:343,(anonymous_30)
FN:351,(anonymous_31)
FN:364,(anonymous_32)
FN:422,(anonymous_33)
FN:463,(anonymous_34)
FN:479,(anonymous_35)
FN:481,(anonymous_36)
FN:484,(anonymous_37)
FN:498,(anonymous_38)
FN:502,(anonymous_39)
FNF:40
FNH:33
FNDA:10,(anonymous_0)
FNDA:0,(anonymous_1)
FNDA:1,(anonymous_2)
FNDA:5,(anonymous_3)
FNDA:1,(anonymous_4)
FNDA:1,(anonymous_5)
FNDA:28,(anonymous_6)
FNDA:18,(anonymous_7)
FNDA:29,(anonymous_8)
FNDA:5,(anonymous_9)
FNDA:28,(anonymous_10)
FNDA:8,(anonymous_11)
FNDA:26,(anonymous_12)
FNDA:30,(anonymous_13)
FNDA:0,(anonymous_14)
FNDA:0,(anonymous_15)
FNDA:6,(anonymous_16)
FNDA:28,(anonymous_17)
FNDA:28,(anonymous_18)
FNDA:28,(anonymous_19)
FNDA:28,(anonymous_20)
FNDA:28,(anonymous_21)
FNDA:28,(anonymous_22)
FNDA:28,(anonymous_23)
FNDA:28,(anonymous_24)
FNDA:0,(anonymous_25)
FNDA:0,(anonymous_26)
FNDA:0,(anonymous_27)
FNDA:28,(anonymous_28)
FNDA:18,(anonymous_29)
FNDA:0,(anonymous_30)
FNDA:12,(anonymous_31)
FNDA:6,(anonymous_32)
FNDA:19,(anonymous_33)
FNDA:19,(anonymous_34)
FNDA:2,(anonymous_35)
FNDA:1,(anonymous_36)
FNDA:1,(anonymous_37)
FNDA:5,(anonymous_38)
FNDA:1,(anonymous_39)
DA:1,1
DA:2,1
DA:5,1
DA:6,1
DA:7,1
DA:8,1
DA:13,10
DA:14,10
DA:15,10
DA:16,10
DA:17,10
DA:20,10
DA:24,0
DA:35,1
DA:36,1
DA:42,5
DA:43,5
DA:49,1
DA:50,1
DA:56,1
DA:57,1
DA:64,28
DA:65,28
DA:69,18
DA:71,18
DA:72,12
DA:74,6
DA:76,6
DA:77,6
DA:79,1
DA:80,1
DA:82,1
DA:83,1
DA:85,1
DA:86,1
DA:88,1
DA:89,1
DA:91,2
DA:92,2
DA:94,0
DA:101,29
DA:102,29
DA:103,29
DA:104,29
DA:115,5
DA:126,1
DA:134,28
DA:138,8
DA:139,26
DA:141,8
DA:143,2
DA:144,2
DA:146,0
DA:147,0
DA:149,0
DA:150,0
DA:152,6
DA:153,6
DA:158,30
DA:159,2
DA:164,0
DA:165,0
DA:170,0
DA:171,0
DA:176,6
DA:177,6
DA:185,28
DA:186,28
DA:187,28
DA:188,28
DA:189,28
DA:190,28
DA:191,28
DA:195,28
DA:196,28
DA:200,28
DA:201,28
DA:205,28
DA:206,28
DA:210,28
DA:211,28
DA:215,28
DA:216,28
DA:220,28
DA:221,28
DA:226,28
DA:231,28
DA:232,0
DA:235,28
DA:254,0
DA:257,0
DA:258,0
DA:259,0
DA:261,0
DA:270,0
DA:271,0
DA:274,0
DA:275,0
DA:278,0
DA:279,0
DA:282,0
DA:287,0
DA:288,0
DA:289,0
DA:290,0
DA:291,0
DA:293,0
DA:295,0
DA:312,28
DA:321,28
DA:322,28
DA:323,28
DA:324,28
DA:325,28
DA:328,28
DA:337,28
DA:339,18
DA:340,18
DA:341,18
DA:344,0
DA:345,0
DA:350,28
DA:352,12
DA:353,12
DA:355,12
DA:357,12
DA:362,12
DA:365,6
DA:366,6
DA:371,6
DA:374,5
DA:377,1
DA:383,1
DA:386,1
DA:387,1
DA:390,1
DA:391,1
DA:393,0
DA:395,1
DA:397,1
DA:399,2
DA:400,2
DA:402,0
DA:404,1
DA:407,0
DA:410,1
DA:413,6
DA:415,6
DA:417,6
DA:424,19
DA:428,2
DA:429,2
DA:431,2
DA:434,1
DA:435,1
DA:438,0
DA:440,0
DA:442,0
DA:443,0
DA:444,0
DA:447,0
DA:452,18
DA:453,1
DA:456,17
DA:457,2
DA:460,15
DA:465,19
DA:467,15
DA:468,15
DA:472,10
DA:474,5
DA:480,2
DA:481,1
DA:485,1
DA:486,0
DA:489,1
DA:490,1
DA:491,1
DA:493,0
DA:494,0
DA:499,5
DA:503,1
DA:507,1
LF:183
LH:139
BRDA:12,0,0,3
BRDA:12,1,0,0
BRDA:63,2,0,0
BRDA:68,3,0,12
BRDA:71,4,0,12
BRDA:71,4,1,6
BRDA:76,5,0,6
BRDA:76,5,1,0
BRDA:77,6,0,1
BRDA:77,6,1,1
BRDA:77,6,2,1
BRDA:77,6,3,1
BRDA:77,6,4,2
BRDA:77,6,5,0
BRDA:133,7,0,0
BRDA:141,8,0,2
BRDA:141,8,1,0
BRDA:141,8,2,0
BRDA:141,8,3,6
BRDA:158,9,0,2
BRDA:158,9,1,28
BRDA:164,10,0,0
BRDA:164,10,1,0
BRDA:170,11,0,0
BRDA:170,11,1,0
BRDA:176,12,0,6
BRDA:176,12,1,0
BRDA:209,13,0,3
BRDA:214,14,0,28
BRDA:227,15,0,4
BRDA:227,15,1,24
BRDA:231,16,0,0
BRDA:231,16,1,28
BRDA:249,17,0,0
BRDA:251,18,0,0
BRDA:252,19,0,0
BRDA:253,20,0,0
BRDA:262,21,0,0
BRDA:262,21,1,0
BRDA:270,22,0,0
BRDA:270,22,1,0
BRDA:270,23,0,0
BRDA:270,23,1,0
BRDA:274,24,0,0
BRDA:274,24,1,0
BRDA:278,25,0,0
BRDA:278,25,1,0
BRDA:286,26,0,0
BRDA:289,27,0,0
BRDA:289,27,1,0
BRDA:289,28,0,0
BRDA:289,28,1,0
BRDA:290,29,0,0
BRDA:290,29,1,0
BRDA:302,30,0,1
BRDA:311,31,0,0
BRDA:313,32,0,28
BRDA:313,32,1,2
BRDA:314,33,0,28
BRDA:314,33,1,28
BRDA:315,34,0,28
BRDA:315,34,1,27
BRDA:318,35,0,28
BRDA:318,35,1,27
BRDA:366,36,0,6
BRDA:366,36,1,0
BRDA:371,37,0,5
BRDA:371,37,1,1
BRDA:374,38,0,0
BRDA:374,38,1,1
BRDA:374,38,2,0
BRDA:374,38,3,1
BRDA:374,38,4,1
BRDA:374,38,5,2
BRDA:374,38,6,0
BRDA:378,39,0,1
BRDA:378,39,1,0
BRDA:390,40,0,1
BRDA:390,40,1,1
BRDA:391,41,0,0
BRDA:391,41,1,1
BRDA:391,42,0,1
BRDA:391,42,1,1
BRDA:404,43,0,0
BRDA:404,43,1,1
BRDA:428,44,0,2
BRDA:428,44,1,0
BRDA:434,45,0,1
BRDA:434,45,1,0
BRDA:438,46,0,0
BRDA:438,46,1,0
BRDA:440,47,0,0
BRDA:440,47,1,0
BRDA:443,48,0,0
BRDA:443,48,1,0
BRDA:444,49,0,0
BRDA:444,49,1,0
BRDA:452,50,0,1
BRDA:452,50,1,17
BRDA:452,51,0,18
BRDA:452,51,1,17
BRDA:456,52,0,2
BRDA:456,52,1,15
BRDA:463,53,0,18
BRDA:485,54,0,0
BRDA:485,54,1,1
BRF:106
BRH:53
end_of_record
