TN:
SF:src/mcard_service_clinic.js
FN:11,(anonymous_0)
FN:43,(anonymous_1)
FN:71,(anonymous_2)
FN:106,(anonymous_3)
FNF:4
FNH:4
FNDA:5,(anonymous_0)
FNDA:8,(anonymous_1)
FNDA:8,(anonymous_2)
FNDA:1,(anonymous_3)
DA:1,3
DA:2,3
DA:3,3
DA:13,5
DA:14,2
DA:18,3
DA:19,3
DA:24,3
DA:28,0
DA:29,0
DA:32,0
DA:33,0
DA:35,0
DA:45,8
DA:46,2
DA:49,6
DA:52,6
DA:53,0
DA:57,6
DA:58,6
DA:59,6
DA:63,0
DA:73,8
DA:74,0
DA:78,8
DA:80,8
DA:86,8
DA:90,0
DA:91,0
DA:92,0
DA:95,0
DA:98,0
DA:107,1
DA:109,1
DA:110,1
DA:113,0
DA:114,0
DA:116,0
DA:117,0
DA:122,3
LF:40
LH:23
BRDA:13,0,0,2
BRDA:13,0,1,3
BRDA:13,1,0,5
BRDA:13,1,1,3
BRDA:18,2,0,3
BRDA:18,2,1,0
BRDA:32,3,0,0
BRDA:32,3,1,0
BRDA:35,4,0,0
BRDA:35,4,1,0
BRDA:45,5,0,2
BRDA:45,5,1,6
BRDA:45,6,0,8
BRDA:45,6,1,6
BRDA:52,7,0,0
BRDA:52,7,1,6
BRDA:57,8,0,6
BRDA:57,8,1,0
BRDA:63,9,0,0
BRDA:63,9,1,0
BRDA:73,10,0,0
BRDA:73,10,1,8
BRDA:73,11,0,8
BRDA:73,11,1,8
BRDA:78,12,0,8
BRDA:78,12,1,0
BRDA:86,13,0,8
BRDA:86,13,1,5
BRDA:95,14,0,0
BRDA:95,14,1,0
BRDA:109,15,0,1
BRDA:109,15,1,0
BRF:32
BRH:18
end_of_record
TN:
SF:src/mcard_service_proxy.js
FN:14,(anonymous_0)
FN:53,(anonymous_1)
FN:61,(anonymous_2)
FN:74,(anonymous_3)
FN:79,(anonymous_4)
FN:84,(anonymous_5)
FN:91,(anonymous_6)
FN:96,(anonymous_7)
FN:101,(anonymous_8)
FN:109,(anonymous_9)
FN:120,(anonymous_10)
FN:125,(anonymous_11)
FN:166,(anonymous_12)
FN:198,(anonymous_13)
FN:199,(anonymous_14)
FN:213,(anonymous_15)
FN:217,(anonymous_16)
FN:222,(anonymous_17)
FN:241,(anonymous_18)
FN:242,(anonymous_19)
FN:247,(anonymous_20)
FN:272,(anonymous_21)
FN:279,(anonymous_22)
FN:291,(anonymous_23)
FN:307,(anonymous_24)
FN:308,(anonymous_25)
FN:311,(anonymous_26)
FN:312,(anonymous_27)
FN:317,(anonymous_28)
FN:327,(anonymous_29)
FN:340,(anonymous_30)
FN:348,(anonymous_31)
FN:356,(anonymous_32)
FN:365,(anonymous_33)
FN:387,(anonymous_34)
FN:410,(anonymous_35)
FN:423,(anonymous_36)
FN:440,(anonymous_37)
FN:448,(anonymous_38)
FN:466,(anonymous_39)
FN:474,(anonymous_40)
FN:491,(anonymous_41)
FN:499,(anonymous_42)
FN:500,(anonymous_43)
FN:510,(anonymous_44)
FN:511,(anonymous_45)
FN:517,(anonymous_46)
FN:550,(anonymous_47)
FN:558,(anonymous_48)
FN:561,(anonymous_49)
FN:565,(anonymous_50)
FN:571,(anonymous_51)
FN:572,(anonymous_52)
FN:575,(anonymous_53)
FN:589,(anonymous_54)
FN:590,(anonymous_55)
FN:604,(anonymous_56)
FN:619,(anonymous_57)
FNF:58
FNH:43
FNDA:6,(anonymous_0)
FNDA:7,(anonymous_1)
FNDA:2,(anonymous_2)
FNDA:2,(anonymous_3)
FNDA:2,(anonymous_4)
FNDA:6,(anonymous_5)
FNDA:3,(anonymous_6)
FNDA:6,(anonymous_7)
FNDA:8,(anonymous_8)
FNDA:12,(anonymous_9)
FNDA:1,(anonymous_10)
FNDA:0,(anonymous_11)
FNDA:30,(anonymous_12)
FNDA:2,(anonymous_13)
FNDA:2,(anonymous_14)
FNDA:22,(anonymous_15)
FNDA:22,(anonymous_16)
FNDA:0,(anonymous_17)
FNDA:2,(anonymous_18)
FNDA:2,(anonymous_19)
FNDA:10,(anonymous_20)
FNDA:0,(anonymous_21)
FNDA:2,(anonymous_22)
FNDA:0,(anonymous_23)
FNDA:0,(anonymous_24)
FNDA:0,(anonymous_25)
FNDA:0,(anonymous_26)
FNDA:0,(anonymous_27)
FNDA:0,(anonymous_28)
FNDA:15,(anonymous_29)
FNDA:0,(anonymous_30)
FNDA:2,(anonymous_31)
FNDA:0,(anonymous_32)
FNDA:6,(anonymous_33)
FNDA:13,(anonymous_34)
FNDA:13,(anonymous_35)
FNDA:3,(anonymous_36)
FNDA:3,(anonymous_37)
FNDA:2,(anonymous_38)
FNDA:2,(anonymous_39)
FNDA:0,(anonymous_40)
FNDA:0,(anonymous_41)
FNDA:4,(anonymous_42)
FNDA:4,(anonymous_43)
FNDA:2,(anonymous_44)
FNDA:9,(anonymous_45)
FNDA:2,(anonymous_46)
FNDA:2,(anonymous_47)
FNDA:2,(anonymous_48)
FNDA:2,(anonymous_49)
FNDA:2,(anonymous_50)
FNDA:4,(anonymous_51)
FNDA:4,(anonymous_52)
FNDA:4,(anonymous_53)
FNDA:2,(anonymous_54)
FNDA:4,(anonymous_55)
FNDA:0,(anonymous_56)
FNDA:0,(anonymous_57)
DA:1,3
DA:2,3
DA:3,3
DA:4,3
DA:5,3
DA:6,3
DA:7,3
DA:11,3
DA:16,6
DA:29,6
DA:32,6
DA:33,0
DA:37,6
DA:40,6
DA:43,6
DA:46,6
DA:49,6
DA:54,7
DA:55,2
DA:57,7
DA:62,2
DA:64,2
DA:65,2
DA:67,0
DA:69,2
DA:75,2
DA:76,2
DA:80,2
DA:81,2
DA:85,6
DA:86,6
DA:92,3
DA:97,6
DA:103,8
DA:104,3
DA:108,5
DA:109,12
DA:111,5
DA:112,2
DA:116,3
DA:121,1
DA:126,0
DA:128,0
DA:129,0
DA:130,0
DA:134,0
DA:135,0
DA:139,0
DA:140,0
DA:144,0
DA:145,0
DA:146,0
DA:147,0
DA:151,0
DA:152,0
DA:157,0
DA:158,0
DA:160,0
DA:161,0
DA:162,0
DA:168,30
DA:170,8
DA:176,6
DA:180,8
DA:183,8
DA:185,8
DA:188,0
DA:191,8
DA:194,0
DA:199,2
DA:200,2
DA:202,2
DA:205,2
DA:213,2
DA:214,22
DA:217,2
DA:218,22
DA:222,2
DA:224,0
DA:225,0
DA:227,0
DA:231,2
DA:233,2
DA:235,0
DA:236,0
DA:242,2
DA:243,2
DA:244,2
DA:245,2
DA:247,2
DA:248,10
DA:249,10
DA:252,10
DA:253,10
DA:254,2
DA:255,2
DA:256,2
DA:259,2
DA:260,2
DA:261,2
DA:262,2
DA:268,2
DA:269,2
DA:272,2
DA:273,0
DA:274,0
DA:275,0
DA:279,2
DA:280,2
DA:281,2
DA:282,2
DA:284,2
DA:285,0
DA:292,0
DA:293,0
DA:294,0
DA:295,0
DA:296,0
DA:297,0
DA:298,0
DA:301,0
DA:304,0
DA:308,0
DA:309,0
DA:311,0
DA:312,0
DA:313,0
DA:317,0
DA:318,0
DA:319,0
DA:321,0
DA:329,15
DA:330,13
DA:331,13
DA:334,2
DA:336,2
DA:341,0
DA:342,0
DA:349,2
DA:350,2
DA:357,0
DA:358,0
DA:359,0
DA:365,2
DA:366,6
DA:367,2
DA:372,2
DA:375,2
DA:376,2
DA:378,2
DA:379,2
DA:381,0
DA:382,0
DA:383,0
DA:388,13
DA:389,13
DA:394,13
DA:403,12
DA:405,1
DA:406,1
DA:412,13
DA:415,13
DA:416,0
DA:417,0
DA:420,13
DA:424,3
DA:425,3
DA:433,2
DA:435,1
DA:436,1
DA:441,3
DA:442,0
DA:445,3
DA:449,2
DA:450,2
DA:458,2
DA:459,2
DA:461,0
DA:462,0
DA:467,2
DA:468,0
DA:471,2
DA:475,0
DA:476,0
DA:484,0
DA:486,0
DA:487,0
DA:492,0
DA:493,0
DA:496,0
DA:500,4
DA:501,4
DA:502,2
DA:503,2
DA:504,2
DA:505,2
DA:508,2
DA:510,2
DA:511,2
DA:513,2
DA:514,2
DA:517,2
DA:519,2
DA:520,2
DA:522,2
DA:523,2
DA:524,2
DA:526,2
DA:527,0
DA:529,2
DA:530,2
DA:535,2
DA:536,0
DA:538,2
DA:541,0
DA:542,0
DA:543,0
DA:544,0
DA:545,0
DA:551,2
DA:552,2
DA:553,2
DA:556,2
DA:558,2
DA:559,2
DA:561,2
DA:562,2
DA:565,2
DA:566,2
DA:567,2
DA:568,2
DA:571,2
DA:572,4
DA:573,4
DA:575,4
DA:576,4
DA:577,4
DA:578,4
DA:580,0
DA:581,0
DA:588,2
DA:590,4
DA:591,2
DA:592,0
DA:593,0
DA:595,2
DA:599,0
DA:600,0
DA:604,2
DA:605,0
DA:606,0
DA:610,0
DA:611,0
DA:617,3
DA:618,3
DA:619,3
DA:620,0
LF:257
LH:167
BRDA:14,0,0,4
BRDA:32,1,0,0
BRDA:32,1,1,6
BRDA:53,2,0,5
BRDA:54,3,0,2
BRDA:54,3,1,5
BRDA:62,4,0,2
BRDA:62,4,1,0
BRDA:74,5,0,2
BRDA:85,6,0,6
BRDA:85,6,1,0
BRDA:96,7,0,0
BRDA:101,8,0,0
BRDA:103,9,0,3
BRDA:103,9,1,5
BRDA:103,10,0,8
BRDA:103,10,1,6
BRDA:103,10,2,6
BRDA:111,11,0,2
BRDA:111,11,1,3
BRDA:129,12,0,0
BRDA:129,12,1,0
BRDA:134,13,0,0
BRDA:134,13,1,0
BRDA:139,14,0,0
BRDA:139,14,1,0
BRDA:145,15,0,0
BRDA:145,15,1,0
BRDA:168,16,0,8
BRDA:168,16,1,6
BRDA:168,16,2,8
BRDA:168,16,3,8
BRDA:168,16,4,0
BRDA:170,17,0,8
BRDA:170,17,1,8
BRDA:170,17,2,3
BRDA:170,17,3,3
BRDA:176,18,0,6
BRDA:176,18,1,6
BRDA:180,19,0,8
BRDA:180,19,1,8
BRDA:180,19,2,8
BRDA:183,20,0,8
BRDA:183,20,1,0
BRDA:191,21,0,8
BRDA:191,21,1,1
BRDA:224,22,0,0
BRDA:224,22,1,0
BRDA:241,23,0,2
BRDA:241,24,0,2
BRDA:253,25,0,2
BRDA:253,25,1,8
BRDA:253,26,0,10
BRDA:253,26,1,2
BRDA:259,27,0,2
BRDA:259,27,1,0
BRDA:259,28,0,2
BRDA:259,28,1,2
BRDA:284,29,0,0
BRDA:284,29,1,2
BRDA:291,30,0,0
BRDA:291,31,0,0
BRDA:293,32,0,0
BRDA:293,32,1,0
BRDA:296,33,0,0
BRDA:296,33,1,0
BRDA:318,34,0,0
BRDA:318,34,1,0
BRDA:329,35,0,13
BRDA:329,35,1,2
BRDA:366,36,0,2
BRDA:366,36,1,4
BRDA:387,37,0,0
BRDA:399,38,0,13
BRDA:399,38,1,0
BRDA:405,39,0,1
BRDA:405,39,1,0
BRDA:410,40,0,13
BRDA:415,41,0,0
BRDA:415,41,1,13
BRDA:415,42,0,13
BRDA:415,42,1,0
BRDA:416,43,0,0
BRDA:416,43,1,0
BRDA:423,44,0,0
BRDA:428,45,0,3
BRDA:428,45,1,0
BRDA:435,46,0,1
BRDA:435,46,1,0
BRDA:440,47,0,3
BRDA:441,48,0,0
BRDA:441,48,1,3
BRDA:448,49,0,0
BRDA:453,50,0,2
BRDA:453,50,1,0
BRDA:461,51,0,0
BRDA:461,51,1,0
BRDA:466,52,0,2
BRDA:467,53,0,0
BRDA:467,53,1,2
BRDA:474,54,0,0
BRDA:479,55,0,0
BRDA:479,55,1,0
BRDA:486,56,0,0
BRDA:486,56,1,0
BRDA:491,57,0,0
BRDA:492,58,0,0
BRDA:492,58,1,0
BRDA:501,59,0,2
BRDA:501,59,1,2
BRDA:526,60,0,0
BRDA:526,60,1,2
BRDA:526,61,0,2
BRDA:526,61,1,0
BRDA:535,62,0,0
BRDA:535,62,1,2
BRDA:552,63,0,2
BRDA:552,63,1,0
BRDA:566,64,0,2
BRDA:566,64,1,0
BRDA:576,65,0,4
BRDA:576,65,1,0
BRDA:591,66,0,0
BRDA:591,66,1,2
BRDA:619,67,0,0
BRF:125
BRH:66
end_of_record
